AC124148.15
LR962743.1
AC068860.9
GU923718.1
JF364565.1
BC042021.1
KF097221.1
AK092362.1
CP086560.1
AC183594.3
MT385347.1
AB066237.1
XM_045386836.1
KC624230.1
CP073013.1
JX827227.1
KF667502.1
NR_076297.1
AC239403.5
OU941645.1
XM_014853400.2
AP024955.1
XM_039473116.1
DQ647528.1
XM_005560220.3
CP081493.1
KC339293.1
MZ973829.1
XM_007960721.2
LC564126.1
KC520598.1
NM_001246578.1
AF411280.1
KF623250.1
CP000031.2
MT533353.1
XM_017545811.2
BK005915.1
JF776486.1
XM_005564506.3
MT533349.1
MT533351.1
NR_121695.1
GU519962.1
XM_045387472.1
XM_045399810.1
AB924297.1
BC051728.1
CR555306.1
KJ895860.1
XM_045395883.1
XM_005564507.3
LR962745.1
OL762363.1
XM_006867056.1
KF115735.1
CP068260.2
KF557641.1
JX520986.1
XM_015450256.2
KJ717505.1
AK025596.1
OL824925.1
XM_005564934.3
GU924708.1
XM_045399812.1
XM_039474451.1
OU940939.1
XR_495184.2
BC053856.1
LR778301.1
XM_045487166.1
XM_045393861.1
NM_001253846.2
GU437288.1
AC279572.1
KJ897497.1
XM_045085175.1
XM_045439447.1
XM_010958211.2
AK289595.1
AL583832.14
CR749373.1
AC072057.8
DQ222875.1
AP018468.1
XM_045440149.1
XM_005540032.3
XM_041769598.1
KJ676410.1
GU926028.1
MW127812.1
LR962879.1
KF557597.1
XM_005585600.3
CP060783.1
HM235651.1
XR_006612487.1
OL677216.1
CP072168.1
OL677209.1
GU294287.1
AK128499.1
NG_009267.1
AY960578.1
XM_007983908.2
BC037284.2
AL513365.27
BC106054.1
FR989803.1
KJ893323.1
AP013066.1
XM_005341328.4
OL454899.1
HG916980.1
NM_001348138.2
NM_001282554.2
XM_017509875.2
OU942808.1
AF368064.1
OU941854.1
HQ101927.1
OL824926.1
KJ658844.1
XM_045439445.1
NR_076354.1
KC216175.1
XM_015454065.2
KJ896894.1
XM_015437385.2
AB364415.1
JX174248.1
JF345366.1
AK054764.1
OU611758.1
CP085953.1
HF678271.1
XM_005546008.3
CP051249.1
GU926392.1
XM_005546007.3
XM_038003452.1
AK313953.1
XM_003935968.3
AK095689.1
XM_017545812.2
OL721601.1
NM_001395006.1
GU913712.1
KJ891221.1
OK356210.1
XM_005560222.3
AP024958.1
JX174214.1
XR_001484722.2
CP065403.1
JN695893.1
LR962749.1
FR989811.1
AB571593.1
GU926082.1
KJ371987.1
HF583863.1
XM_037744700.1
KF826986.1
CP084740.1
KJ902331.1
XM_045392937.1
FR989815.1
JX222723.1
XR_005236912.1
AP003465.2
JQ401344.1
KJ892052.1
XM_037728158.1
XM_045376962.1
KJ578072.1
HE798200.1
NM_001287216.1
JQ770092.1
NM_001348132.2
AC203590.3
HG818514.1
KJ901544.1
EU536948.1
AP018778.1
NR_103111.1
CP072167.1
XM_045502646.1
JX439078.1
KJ905906.1
XR_006612480.1
JN679213.1
LR962874.1
LR962870.1
NR_103103.1
XM_005546009.3
JX872409.1
OU611762.1
NM_001348133.2
XM_017506227.2
NM_001287214.1
OK562839.1
NR_076745.1
HG965802.1
NM_001348137.2
EU755071.1
EF638243.1
HG916873.1
KF464602.1
DQ083747.1
KC605706.1
XM_045391654.1
MN934323.1
AF448858.1
NR_154588.2
AC241673.2
AB923945.1
GU926410.1
OL677051.1
CP081151.1
KJ707436.1
AB257655.1
KJ535384.1
KC666469.1
KF065556.1
AP012048.1
NR_171681.1
KJ717478.1
KJ507683.1
MW063606.1
FM872870.1
XM_042672796.1
CP082885.1
XR_001483452.2
KJ658868.1
AB209680.1
CP071133.1
DQ068065.1
XR_006393937.1
AB945105.1
GQ102510.1
XM_037985497.1
OL824929.1
XM_045509534.1
NM_001348139.2
JX174215.1
XM_045387471.1
XR_006715494.1
HG518323.1
KJ707264.1
KF248387.1
XM_038003464.1
NM_001134035.2
XM_005586124.3
KF464095.1
XR_006715495.1
NR_154587.2
KJ893093.1
AC083805.17
JF975396.1
KF329206.1
KC605524.1
CP064970.1
XM_044251054.1
GQ158195.1
KF651068.1
NM_001204388.2
DQ892789.2
CP081494.1
AC225618.3
GQ114691.1
NM_001204386.1
HE798201.1
AL023799.5
KJ676715.1
GU926639.1
EF488978.1
HE582482.1
KF724075.1
KF596688.1
FR989807.1
XM_045387473.1
AK223045.1
XM_038010236.1
GQ329282.1
CP088916.1
CP070873.1
HE798202.1
MZ144126.1
KF334908.1
AC123978.5
JQ518351.1
XR_006715493.1
NM_001395005.1
KF065946.1
HG976783.1
CP073703.1
CP006615.1
KF463490.1
LR962753.1
KF179777.1
KJ601439.1
AK223064.1
JX174249.1
NR_023353.2
KF557600.1
XR_006612475.1
XR_006612477.1
KF692484.1
BC059168.1
XM_005590626.2
KF248537.1
AY356352.1
NM_001252025.1
XM_045077355.1
EU515567.1
XM_014866392.2
KF071270.1
XM_010959214.2
CP079215.1
AL732579.5
CP088089.1
CP056404.1
CP076685.1
XR_006693543.1
XM_024559079.2
CP073664.1
NM_001394390.1
CP087278.1
XM_045399772.1
GQ115615.1
XM_015455741.2
OL824932.1
XM_004702430.2
XM_037729496.1
JN215835.1
KJ578006.1
CP007757.1
HG984869.1
XM_038003460.1
AL834333.1
KF651064.1
KF802998.1
CP054186.1
FQ659814.1
DQ896036.2
CP065012.1
JX310025.1
XM_045493564.1
XM_004757469.3
GU924631.1
EU537026.1
AK127067.1
KJ461510.1
MW127693.1
CP066783.1
BC012831.2
KC432355.1
XM_044744106.1
XM_008002104.2
JF198748.1
XM_045439444.1
XM_004755888.2
KJ717295.1
FN600698.1
AC279524.1
MK798155.1
XR_005582049.1
NG_016732.3
AK095558.1
OL355148.1
KJ568480.1
XM_045387474.1
JN659921.1
MZ427272.1
HG976797.1
AC124857.2
CP085995.1
AK130080.1
AB066239.1
XM_045367437.1
FJ766479.1
NR_104726.1
AC113426.2
XM_017530045.2
AM991218.1
XM_010970591.2
XM_045390535.1
XR_006553670.2
AP012047.1
GU923830.1
KJ615289.1
KJ465962.1
MZ976035.1
AL355488.41
OL773518.1
XM_017508562.2
JQ316263.1
NG_032948.1
XM_044744105.1
KF064837.1
GQ091405.1
XM_045487158.1
CP081205.1
CP003358.1
NM_001290983.2
CP082861.1
JX521291.1
HM109196.1
AP023242.1
NR_038269.1
HG916945.1
XM_045487179.1
XM_045439446.1
XM_023245780.2
XM_015455480.2
LR962754.1
MN934324.1
OL721610.1
LR962868.1
AC201952.8
AP023361.1
XM_037744701.1
NM_001361189.2
AB916801.1
XM_045487173.1
XM_039473433.1
MT313307.1
KJ767764.1
NM_001395007.1
FQ659151.1
KF927573.1
CP072606.1
CP083388.1
MT533350.1
KC435804.1
GU924532.1
DQ435024.1
CP087133.1
CP061202.1
KF841940.1
NM_001130440.2
GU925020.1
AK090511.1
XR_005730536.1
KC336587.1
AB657743.1
BC143930.1
GU924718.1
KJ899156.1
OL614690.1
BC071795.1
CP041778.1
AK290373.1
JN055966.1
JX855704.1
BC117240.1
NG_009329.4
AM072348.1
XM_014853399.2
LC605139.1
CP065404.1
AP024956.1
JQ080270.1
XM_045399811.1
AC183838.2
CP087277.1
BC003552.1
KF463501.1
EF126262.1
AC243629.3
EU161327.1
MZ331796.1
XM_045385989.1
GQ158194.1
XR_001483451.2
MT136874.1
KF037463.1
KJ707285.1
XM_045392882.1
KJ676444.1
AL358394.14
KY955183.1
AK129990.1
GU641082.1
XM_008002103.2
BC117242.1
NG_029099.1
HM109335.1
XR_499226.2
X85134.1
CP081833.1
NM_001395003.1
AB470777.1
XM_045387475.1
NM_001257935.1
KJ896860.1
XM_045487186.1
OL771583.1
AB491963.1
OK655687.1
KJ894144.1
AP023243.1
NG_029786.1
JX872407.1
XM_005561953.3
XM_044919263.1
CP086009.1
OK632516.1
NG_012258.1
JQ456647.1
HM109994.1
KF249984.1
NR_154586.2
LR962873.1
KJ897496.1
KC602831.1
XM_015454066.2
X53854.1
XM_017545810.2
NM_001204387.2
CU041296.8
HQ518320.1
GU926862.1
AP025183.1
AP012987.1
CP050296.1
MT533352.1
GQ246661.1
XR_006612486.1
XM_010959215.2
CP060007.1
KC496384.1
http or URL error
CP079214.1
XM_045518999.1
JQ402778.1
FP475956.1
BX323046.3
HG969191.1
AK095297.1
HQ606073.1
JF232418.1
JQ027093.1
KC496384.1
output the blast n dict file
output the pieChart/Cas711_SE_GRCh38.EEF1A1_22nt_Cas711_IP_r1.umi.r1.fq.genome-mapped.bam_n.csv n.csv file
output the filtered pieChart/Cas711_SE_GRCh38.EEF1A1_22nt_Cas711_IP_r1.umi.r1.fq.genome-mapped.bam_filtered_n.csv n.csv file
XP_017366560.2
WP_212124252.1
WP_230910434.1
WP_069749480.1
WP_085639757.1
WP_025872342.1
MBC7208362.1
WP_188344937.1
WP_089454701.1
WP_222707114.1
RDY05887.1
WP_105736628.1
WP_176000159.1
WP_261721227.1
WP_034334306.1
GAA96377.1
WP_034331892.1
WP_039344532.1
WP_205814597.1
XP_016865480.1
WP_105738014.1
MBV5284882.1
RZS87965.1
MBX9768039.1
MBY0361621.1
MAF02790.1
KAH6812386.1
WP_226904559.1
WP_020164616.1
WP_060655025.1
WP_109461253.1
MBP6095427.1
KAG6416683.1
WP_259710787.1
WP_039789441.1
WP_176317697.1
WP_217509793.1
PWV94688.1
WP_041361934.1
WP_121042828.1
WP_223612243.1
WP_088754659.1
OYW29046.1
WP_223614503.1
AAH04520.2
WP_128735796.1
WP_195332215.1
WP_174855493.1
PWV94892.1
WP_088756491.1
KAH7434651.1
WP_108176144.1
WP_148579675.1
WP_227987392.1
XP_039383573.1
WP_182509058.1
MCB8828875.1
WP_015829260.1
WP_245202125.1
ORY20338.1
WP_174433631.1
WP_166599293.1
MBQ9351918.1
NBO09995.1
MBN9139170.1
WP_138286036.1
WP_154134273.1
WP_124580285.1
HAO2891961.1
KAH0500632.1
WP_259712457.1
KAG7439254.1
WP_241291876.1
MBN9138047.1
WP_195318581.1
output the blast x dict file
output the pieChart/Cas711_SE_GRCh38.EEF1A1_22nt_Cas711_IP_r1.umi.r1.fq.genome-mapped.bam x.csv file
output the filtered pieChart/Cas711_SE_GRCh38.EEF1A1_22nt_Cas711_IP_r1.umi.r1.fq.genome-mapped.bam x.csv file
Finished drawing blast n
All Done!!!
Nodes:        tscc-1-5
