OL813664.1
KC298052.1
OL639003.1
OU943005.1
HG528756.1
JQ624769.1
JQ311879.1
AB924427.1
NR_076369.1
CP073693.1
LC661739.1
JQ776083.1
FM955854.1
HQ076207.1
CP071737.1
CP060811.1
CP073759.1
KF611926.1
XM_005546359.3
KJ575068.1
CP072262.1
NR_075323.1
CP089125.1
KC872153.1
OL795992.1
JQ427890.1
GQ111327.1
MN860288.1
FJ203350.1
MK431824.1
CP066769.1
CP089108.1
CP000699.1
LR972661.1
CP088330.1
CP068260.2
AC127035.6
GU924375.1
NG_032697.2
OU942972.1
OK597206.1
CP000375.1
JX120501.1
KJ410687.1
AC193874.3
AL391987.15
CP065340.1
CP081862.1
CP048659.1
CP061035.1
EF220476.1
OK624423.1
OL762391.1
HM748054.1
CP046508.1
JX458404.1
CP003789.1
KF680553.1
AL627309.15
LR778301.1
GU924051.1
KF071270.1
CP081848.1
KJ901499.1
AB504604.1
KC876030.1
AP022192.1
AF245367.1
AP024708.1
CP076023.1
JQ196142.1
NG_028016.3
GU925824.1
OK440404.1
KJ658849.1
CP088866.1
AC279614.1
CP089120.1
AC002398.1
NR_076623.1
AP023410.1
OL636248.1
AC190160.5
CP064666.1
OL614690.1
LR966171.1
JQ640409.1
AC198615.2
KC357912.1
AY212655.1
CP045496.1
OL310231.1
HE575150.1
KF771276.1
AY188298.1
AB484816.1
JQ372119.2
LC661721.1
GU926689.1
FM175223.1
NR_121848.1
JN432818.1
OL824929.1
AB861537.1
KJ410689.1
HQ538635.1
CP002447.1
HG818278.1
AC183604.3
GU924901.1
AC182768.3
NR_076756.1
JQ196985.1
CP086372.1
CP054858.1
HG525224.1
OL830710.1
FP700108.12
AP023730.1
KC666230.1
JX122127.1
HG525172.1
KF650416.1
KF464457.1
CP079108.1
FJ002406.1
HM258143.1
CP076135.1
NR_103094.1
AF186595.1
XR_006341625.1
GQ915824.1
AC192258.3
AP012048.1
KJ575056.1
CP078080.1
CP069812.1
CP065012.1
AB943867.1
EU917496.1
CP063890.1
GU545635.1
LC664135.1
KC873057.1
KF650420.1
CP068486.1
KF650421.1
KF062991.1
GU926741.1
KC914240.1
KJ725085.1
KC308412.1
AC199034.5
MZ410960.1
FJ517018.1
NG_033805.1
OL639000.1
GU925802.1
CP088725.1
AP012304.1
AB754068.1
AC193537.2
AC244503.2
KF886004.1
HG525567.1
NR_135700.1
AC280290.1
KF071232.1
LR974066.1
JQ516488.1
CP075533.1
GU925807.1
CP061497.1
LC592735.1
AP012047.1
OL636267.1
OL739377.1
CP081205.1
MT497460.1
CP072167.1
GU925466.1
AK293708.1
JN697843.1
AC280111.1
OL468260.1
AC280218.1
DQ140102.2
KC768831.1
OL721601.1
KJ707384.1
AC280079.1
OK646411.1
AC247045.1
CP003715.1
KC890550.1
KF578258.1
CP082330.1
KF081903.1
CP087983.1
CP003153.1
JX672709.1
XM_045386638.1
CP067044.1
CP061294.1
JF907240.1
OL614689.1
HQ803504.1
KC496252.1
XR_001490759.2
CP068046.1
KC664236.1
AB971836.1
NR_076573.1
KF875599.1
KJ893640.1
AF245368.1
JQ311834.1
KC889934.1
CP088298.1
GU926887.1
AP024595.1
NR_076630.1
CP068187.1
OL639002.1
KJ609258.1
MN860282.1
CP000269.1
CP088520.1
CP075532.1
FM175294.1
JX841442.1
FJ752222.1
KC666984.1
AB241573.1
KC550331.1
NG_011571.1
EU790154.1
AL627344.8
CP080243.1
JX535339.1
AL109611.10
JX405884.1
LC537471.1
XM_045367437.1
NM_001194955.2
KJ476592.1
AC279628.1
KF650425.1
JF688008.1
AC243320.3
BX842570.11
XM_005788194.1
CP076458.1
KF800121.1
KJ575036.1
CP063902.1
AC091654.4
CP066124.1
KJ806472.1
CP059319.1
AB050735.1
JX133573.1
CP086282.1
KC805740.1
JQ640418.1
CP084921.1
CP070290.2
CP051251.1
NR_076571.1
CP080247.1
CP068090.1
CP060779.1
CP051233.1
NG_033980.1
AK125681.1
FJ516765.1
EU917493.1
KC172363.1
EF516772.1
GU924849.1
DQ384473.1
AJ491844.1
CP085971.1
KC044996.1
JX649886.1
OL635465.1
KF076043.1
CP064984.1
U30872.1
HG818192.1
OL310222.1
KF422128.1
HG790024.1
CU633866.1
KF942126.1
AP023246.1
OL770321.1
AP024990.1
EU386011.1
OU015391.1
OL824932.1
AP009152.1
KF976462.2
GU926774.1
CP066121.1
JX317587.1
KF956464.1
BX842681.1
CP004371.1
CU679320.1
EU917483.1
CP073713.1
OL763553.1
NR_144327.2
KJ590387.1
NR_076297.1
CP080954.1
NG_023247.1
KJ568839.1
AC005077.5
KC462707.1
AC021097.5
CP063163.1
LK021127.1
OV277458.1
GU926526.1
CP003555.1
AP024844.2
KF722219.1
NG_034133.1
KF956432.1
CP086119.1
CP082839.1
CP001281.2
NR_076765.1
MZ300873.1
AP011643.1
KF069502.1
HM237256.1
KJ612967.1
OL715100.1
OL798020.1
CP002056.1
JN697709.1
KF098165.1
LK022854.1
XM_045361291.1
KF927573.1
LK022848.1
AC243838.3
KJ638982.1
MK798155.1
JX672305.1
GU926448.1
GU053575.1
EU624011.1
CP075187.1
DQ091244.1
AY957979.1
KC620626.1
AY293153.1
GU925212.1
http or URL error
CP006568.1
AC244453.2
http or URL error
AC187745.2
MW674392.1
DQ490309.1
AC280084.1
AY987625.1
KC255351.1
CP051490.1
XM_015450025.2
KF115502.1
JQ049493.1
CP000376.1
AC104472.14
AB939989.1
CP054861.1
KJ469543.1
CP060719.1
NG_034053.1
HQ204300.1
OL762397.1
OL772716.1
AB970071.1
MK981246.1
HQ845896.1
HQ693231.1
HG975596.1
KF841966.1
KF332267.1
AC244635.3
CU927615.1
AF186596.1
AC241978.2
AJ496446.1
AL121594.6
AB754118.1
NR_109754.2
GU915455.1
HQ086652.1
OL679503.1
CP072136.1
XR_006136572.1
CP060777.1
GU923924.1
KF080339.1
KF108135.1
AC245059.2
KF422130.1
CP072156.1
X02031.1
AM490533.1
GU924656.1
NG_008728.1
LR215729.2
LR979830.1
KF334537.1
MZ958012.1
CP000377.1
EU706049.1
AL132668.4
AC280240.1
GU924359.1
GU925115.1
GQ096801.1
KF081783.1
CP075567.1
CP044011.1
XM_039477131.1
OL797991.1
JX672770.1
CP087277.1
CP085969.1
NM_199189.3
LR813511.2
OK602686.1
KF548214.1
MW462191.1
OL468471.1
JQ516529.1
JQ977431.1
CP060264.1
GU926113.1
CP060288.1
GU924667.1
AB609713.1
KJ410688.1
KF836296.1
XM_045392937.1
CP060044.1
NR_144330.2
CP060046.1
HM108736.1
KF098085.1
NR_111953.1
LR971227.1
OK440405.1
JX406004.1
AY026380.1
NM_001194954.2
AC280103.1
MF585341.1
AC244206.2
EF632937.1
CP003730.1
JN162866.1
KF799830.1
AB609717.1
OU957226.1
XR_006715495.1
CP059902.1
HM324138.1
GU924987.1
MW836953.1
CP002865.1
KC496255.1
KJ410686.1
OL721831.1
JX405666.1
LR976272.1
CP003969.1
AK091241.1
CP063942.1
GU926485.1
KJ781398.1
AC207444.4
OL771531.1
KF557611.1
FN543107.1
AB970086.1
HQ259941.1
KC873426.1
EU917490.1
AB609716.1
GU925025.1
FO538757.3
KC876029.1
KJ762916.1
OL519523.1
AC115097.6
LR978097.1
BX842634.1
OL824877.1
DQ115522.1
GU923853.1
AY342325.1
KF075892.1
CP001341.1
CP085525.1
MT579587.2
KC479153.1
KJ707359.1
JX394412.1
OL762396.1
CP065406.1
MT454153.1
JQ385543.2
CP089124.1
NC_057170.1
OL825017.1
KC765122.1
HM321000.1
XM_037995587.1
CP007695.1
KC172341.1
OL798025.1
GU926830.1
AC280154.1
CP088022.1
FJ747424.1
EU465052.1
KC666974.1
AC280094.1
JQ640492.1
CP073764.1
MW794269.1
LR956438.1
AP023890.1
LK933293.1
KF506586.1
JQ999910.1
LK002383.1
AP024546.1
CP089103.1
GU926543.1
CP082643.1
JX672397.1
CP089036.1
FJ976007.1
MW050993.2
XR_006698345.1
CP000283.1
CP079107.1
KC951447.2
AC005737.1
CP057891.1
OK072420.1
NR_076687.1
KF535196.1
HG764278.1
FJ712484.1
OL797989.1
CP073692.1
AP024989.1
AY523031.2
CP088017.1
CP083656.1
AC183295.3
CP000267.1
JX535338.1
AC237392.1
AC018452.11
NR_125556.1
XR_006715493.1
OV277453.1
GU741717.1
AB945105.1
JQ946024.1
CP004885.1
AC069285.8
CP084203.1
OC914826.1
LK055799.1
CP071739.1
CP060725.1
KC873933.1
XM_015442211.2
JX257455.1
JN571817.1
GQ111696.1
AK302924.1
CP084576.1
AY359954.2
JX441770.1
CP060332.1
CP088018.1
AB383755.1
GU393438.1
GU196045.1
CP069810.1
KJ414855.1
MW332521.1
GU926825.1
CP082546.1
CP060692.1
CP031514.1
JX535337.1
HQ795553.1
HQ791492.1
AL121928.13
MW884805.1
KF800230.1
AY458645.1
GU924453.1
OL636261.1
CP059343.1
KC851757.1
CP060295.1
KF076505.1
GQ158705.1
XR_005924100.1
KJ892052.1
GU925736.1
MZ420320.1
XM_005792517.1
AP022198.1
AL731566.7
EU795186.1
KC001264.1
OK648490.1
AL445305.11
KC496253.1
CP088304.1
KF799048.1
LC664137.1
HQ773050.1
KJ615289.1
CP070343.1
KF827057.1
OU941670.1
HE616528.1
AC243951.3
AC211979.3
CP076116.1
JQ684365.1
AP022204.1
AC090018.12
KJ467219.1
KJ485850.1
KJ568865.1
KC045280.1
KJ600892.1
EU686607.1
CP088969.1
CP006615.1
GU925342.1
KF103775.1
KF927682.1
AC243898.3
AC009712.22
GU925355.1
KF097644.1
MK728874.1
NR_103053.1
HQ220176.1
FJ002405.1
KJ127840.1
JN697918.1
KC872161.1
CP045202.1
KF916775.1
CP059430.1
KJ806496.1
CP073664.1
LR981471.1
CP083989.1
CP068570.1
JQ999822.1
NR_144328.2
CP060413.1
CP063302.1
BX890604.9
KC201602.1
AP025275.1
MZ430213.1
HG977197.1
CP085995.1
MW794271.1
OL798021.1
XM_005556604.3
JQ100291.1
AB609082.1
KF508543.1
AC247031.2
GU926694.1
FJ214184.1
AF518574.1
CP077769.1
JQ999836.1
KC298380.1
GU925714.1
AC187626.2
CP083911.1
NG_034020.1
X01950.1
CP007490.1
AC237289.3
MZ420321.1
NR_076651.1
CP060296.1
MZ433194.1
AB940647.1
KF358370.1
GU924708.1
OU941627.1
CP066786.1
GU925343.1
CP001769.1
NR_024510.2
AP022310.1
OL468311.1
OL824904.1
AC280105.1
OL763537.1
KJ600880.1
CP089162.1
AC008993.3
CP084585.1
FQ660278.1
KF939263.1
FR822997.2
GU915942.1
GU924990.1
XM_005786328.1
LC664136.1
CP007390.1
AB504541.1
HE647657.1
JQ946027.1
AB946265.1
CP000031.2
CP088318.1
NM_001282278.2
XR_006341614.1
FJ752197.1
XR_001492364.2
AP010960.1
KF975534.1
AP025032.1
CP085084.1
HE663292.1
CP000036.1
CP001672.1
LC664129.1
GU474916.1
NR_076710.1
CP054185.1
OL764399.1
CP082781.1
NR_111951.1
AF226251.1
JQ086945.1
AC244020.3
CP060117.1
MW767020.1
AC134026.2
JQ140418.1
AC211476.5
NR_110293.2
CP059260.1
XR_005928156.1
GU925806.1
KF068994.1
LR982905.1
XM_005792651.1
CP044012.1
KF816670.1
KJ672505.1
HQ758712.1
AC234460.2
KJ410683.1
KF086297.1
XM_045393554.1
JF925020.1
NM_001364226.2
JX405664.1
CP088828.1
KJ584639.1
GU925452.1
OL826759.1
EF515336.1
CP076136.1
XM_005768649.1
AC243304.3
OL757658.1
7MQ8_L0
LR983296.1
NR_076269.1
AC011466.6
CP072151.1
JN387319.1
KJ662546.1
KF115541.1
KJ662016.1
XM_010339572.2
CP003709.1
AC211491.5
CP071825.1
XM_008058726.1
6ZJ3_LO
KF088365.1
XM_015445511.2
CP000529.1
JQ999726.1
GU924749.1
CP030037.1
NG_007395.1
MW843503.1
HQ819533.1
LK392451.1
KJ717638.1
KF295020.1
AC185343.2
FJ224294.1
KJ897841.1
CP048670.1
KF503785.1
CP069300.1
CP072162.1
JN171690.1
JX531347.1
KF331430.1
CP088855.1
KC805847.1
KJ672506.1
HM635807.1
HG994360.1
CP060693.1
CP000830.1
CP062222.1
MW590003.1
GU925624.1
GU926405.1
DQ490308.1
KJ466355.1
XR_006337902.1
CP071497.1
KF193247.1
CP068206.1
DQ384469.1
KF071378.1
NM_001194956.2
OL639006.1
KJ717485.1
CP059082.1
EF508371.1
KJ904449.1
HQ763348.1
CP089392.1
LR979265.1
NR_024511.2
DQ384472.1
CP076134.1
GU926767.1
KX284728.3
KC046494.1
AB609714.1
JX131015.1
CP081351.1
NC_058668.1
OK384554.1
KF278536.1
XM_005548262.3
MZ420322.1
MZ575128.1
NM_001395194.1
EU917488.1
FR853441.1
NG_029473.1
LC664134.1
AC211515.4
AC148299.3
U19769.1
OL636325.1
CU917800.1
CP088786.1
CP080327.1
LC661740.1
AC006160.9
KF098218.1
KJ897842.1
NR_076614.1
AK311358.1
JX441758.1
CP087131.1
GU925838.1
OL639004.1
CP002102.1
CP059297.1
XR_006715494.1
KF494439.1
OL772711.1
NG_042006.1
MK058524.1
HM108801.1
KF336866.1
KF611929.1
LR977706.1
CP076685.1
JN129481.1
OL825021.1
AP013066.1
JQ999361.1
GU391742.1
MZ420319.1
EF417520.1
OK624422.1
JF925025.1
JQ999870.1
CP080623.1
HQ475886.1
GU926836.1
CP065359.1
CP082280.1
CP085970.1
OU015759.1
AB902676.1
JQ204821.1
OK326657.1
XM_004650362.2
OL797994.1
NM_001395193.1
AP024545.1
CP049285.1
OL687414.1
AC243657.2
NR_076508.1
CP085972.1
MZ710036.1
KF155897.1
NM_001364235.2
MW175845.1
JF739790.1
MT858070.1
LR969586.1
GU913289.1
CP085938.1
CP001151.1
LR813545.2
OL757657.1
AB970825.1
KF506380.1
KF894692.1
CP066026.1
JN700008.1
CP007698.1
MW794268.1
CP069157.1
AC187525.4
FP103042.2
KC873085.1
CP065590.1
GU924368.1
AC280088.1
KC100033.1
AL049776.3
FJ002393.1
XM_015439002.2
NM_001364253.2
KF506992.1
KC683288.1
LC515965.1
XM_045382911.1
JQ098503.1
AC105137.18
AB947500.1
CP061299.1
JQ187174.1
MW794267.1
EU977753.1
CP001848.1
KC212070.1
KF010754.1
AC221047.3
HQ213182.1
HG818621.1
AJ271115.1
GU925430.1
DQ384471.1
NR_076388.1
AB609715.1
KJ414478.1
CP088683.1
EU808362.1
KF650424.1
KJ892033.1
M85270.1
KJ905785.1
GU926708.1
AC010077.1
KF075004.1
KJ676408.1
KF298096.1
AC202808.3
AF527418.1
CP071738.1
AC244260.3
GU924582.1
AC058784.17
GU923754.1
JN424832.1
GQ329394.1
HQ690782.1
OL798099.1
FJ432560.1
CP058247.1
CP081969.2
NR_133875.1
AY191274.1
JN092917.1
NR_144332.2
KJ897016.1
JX003329.1
CU927819.1
CP060010.1
KF721874.1
CP087135.1
OL824736.1
XR_005199906.1
NR_076590.1
AC254993.1
CP006818.1
KF463524.1
OU943153.1
CP087985.1
AP019378.2
FJ002407.1
MN860289.1
EU781531.1
AL139785.5
KC791015.1
CP087570.1
KC496230.1
GU926353.1
GU924414.1
CP060775.1
AC242254.3
MZ420323.1
AC243983.3
GU924303.1
OL824901.1
MW149491.1
KC496250.1
AC206043.4
KF334962.1
MK641509.1
GU925016.1
NR_103018.1
XM_015445512.2
KC814663.1
KJ676409.1
NR_076622.1
CP072604.1
AL133312.3
OL774803.1
AC244471.2
XM_007996250.2
GU926656.1
NR_075900.1
KC664255.1
GU368372.1
FN390943.1
GU926525.1
FN867837.1
CP071494.1
KF081746.1
KJ415000.1
CP060694.1
KF803982.1
CP088665.1
FJ176703.1
GU924106.1
GU926580.1
KC099815.1
AC231850.2
KJ693608.1
OL757786.1
JQ855615.1
CP072610.1
AP023326.1
NR_103974.1
KF065507.1
OL469786.1
LR974631.1
GU913009.1
JQ401973.1
KC328034.1
CP088839.1
CP002745.1
HG994366.1
MW843502.1
JN700000.1
AP025184.1
CP086120.1
OK999977.1
JQ906300.1
OU942864.1
OB742195.1
BC172232.1
CP002899.1
GU925484.1
CP070115.1
NR_076422.1
FJ869177.1
OL824864.1
LR980221.1
OL773531.1
MT497461.1
OL830776.1
EU272953.1
LR967605.1
GU755609.1
CP083898.1
XM_005544085.3
CP062121.1
GU926684.1
OL639008.1
MN905507.1
KJ480510.1
X01484.1
NR_076426.1
JF808994.1
XM_005546360.3
HQ098386.1
CP083740.1
AL135752.6
NG_033902.1
HQ764159.1
GU926204.1
KF650417.1
GU924399.1
OL824926.1
FP700112.17
GU925212.1
AC244453.2
output the blast n dict file
output the pieChart/Cas711_SE_GRCh38.Apo_Cas711_input_r1.umi.r1.fq.genome-mapped.bam_n.csv n.csv file
output the filtered pieChart/Cas711_SE_GRCh38.Apo_Cas711_input_r1.umi.r1.fq.genome-mapped.bam_filtered_n.csv n.csv file
CAD6099288.1
MBK6905887.1
WP_255214386.1
WP_106893949.1
WP_118886308.1
BAQ43540.1
EFH92866.1
WP_039344304.1
MBZ3691041.1
MCB1572080.1
NWH69030.1
MCE3590655.1
MBX9331572.1
KAF5800795.1
MCP6467845.1
EBN4213242.1
MBA8876481.1
XP_009441873.1
DAD25653.1
CRH70970.1
KAG8611783.1
KAI5424420.1
CDX11302.1
WP_008061728.1
HCF7022037.1
EDM61641.1
RWR83731.1
MBA8901024.1
PWV88384.1
WP_044528292.1
OGF65696.1
AOE06589.1
NXS23141.1
WP_198636668.1
CAG9251720.1
RLU74255.1
MBX9869891.1
MBU3612472.1
CDG12940.1
WP_134257657.1
WP_113096626.1
WP_034542281.1
KDX10856.1
EDS11164.1
EDO56338.1
UUP17593.1
MCE3247101.1
KMS64938.1
KAF8712678.1
MBQ9352168.1
MCA1936884.1
NWI71369.1
WP_089196026.1
MQM31535.1
PNI21459.1
WP_226904570.1
WP_060966220.1
SYW86641.1
WP_018413342.1
WP_228368314.1
XP_034823508.1
WP_226251534.1
PLY98270.1
MCI24633.1
WP_158949022.1
WP_128360132.1
EGE46866.1
WP_246726577.1
KND51121.1
WP_069039307.1
EDM52631.1
VXC38776.1
MBN0749605.1
WP_223611352.1
WP_144137951.1
PNJ87491.1
OQV65003.1
QRI43779.1
KAB8279788.1
NBX22164.1
KAI3476504.1
WP_115105580.1
MCF2053815.1
GEW76204.1
WP_008128388.1
WP_021646848.1
XP_038519671.1
WP_047727896.1
WP_107988303.1
MBK7990203.1
WP_172842935.1
KAD7116988.1
MCP4688441.1
EDK7115275.1
RLU73150.1
XP_047299655.1
WP_204310327.1
WP_223613348.1
XP_047294121.1
WP_059506062.1
EUL83057.1
GEU28362.1
KAG8611661.1
WP_004550302.1
NXS03423.1
EDS75288.1
MCG3102403.1
KAI2585897.1
XP_034820534.1
MBN0904203.1
ESM82963.1
PRD50446.1
CDX23502.1
WP_038881850.1
WP_012585963.1
CBM40845.1
KAI5384052.1
WP_240990382.1
VPJ16145.1
EDK22958.1
RBL65339.1
MBH3270127.1
CCB89788.1
ACU15626.1
HBU2350367.1
STJ19752.1
GAY71684.1
WP_112530081.1
KAH0439243.1
XP_037227993.1
CAE6891617.1
MBN9136027.1
OXH84122.1
UTP24474.1
VXC31200.1
RCU61601.1
OXH81740.1
WP_211957205.1
WP_046544079.1
WP_130268692.1
WP_013478016.1
MBX4378969.1
HAT3729371.1
XP_040434771.1
WP_201326600.1
WP_246711645.1
MCB2762490.1
RLM49519.1
PLY70235.1
RDT04183.1
EGF97687.1
GAS57233.1
MBA8876405.1
EUC14577.1
EFO2290926.1
GGK83960.1
XP_031997468.1
KAH8928789.1
SFG53690.1
MBK6639509.1
RTL27220.1
MBY0541069.1
NXY91773.1
MBW6838994.1
MCE3519611.1
WP_055312436.1
KAG9438524.1
WP_059790689.1
KAH1094712.1
output the blast x dict file
output the pieChart/Cas711_SE_GRCh38.Apo_Cas711_input_r1.umi.r1.fq.genome-mapped.bam x.csv file
output the filtered pieChart/Cas711_SE_GRCh38.Apo_Cas711_input_r1.umi.r1.fq.genome-mapped.bam x.csv file
Finished drawing blast n
All Done!!!
Nodes:        tscc-1-1
