BX648838.1
AC236057.2
HQ795692.1
KF103809.1
HE600691.1
CP076103.1
L20847.1
KC574957.1
BC015559.1
JN118628.1
KJ661919.1
XM_019812187.3
JN807321.2
CP007795.1
MW433563.1
KF248712.1
GU925733.1
XM_045007254.1
AB854228.1
XM_007165350.1
LC656623.1
JN208016.1
XM_045398428.1
L20849.1
KF105831.1
CP089304.1
XM_006899310.1
AC026164.5
AB674978.1
OV277463.1
XM_040979610.1
XM_006069300.4
CP075361.1
KF188841.1
CP071517.1
JQ098987.1
AC105910.10
NR_076552.1
CP063848.1
LC661726.1
XM_045392556.1
KC491308.1
XM_005553260.2
KJ848554.1
AC105752.2
XM_045477393.1
OL813851.1
EF078463.1
HF947423.1
HM548315.2
XM_045477394.1
AC095353.9
KF248699.1
HG818144.1
MW433455.1
KJ490009.1
JN119214.1
MW862599.1
CP068738.1
KF184927.1
NR_170168.1
KJ902152.1
GU175011.1
CP007797.1
V01159.1
OL830724.1
CP047396.1
NR_111925.2
NR_121980.1
JN613625.1
NM_020151.4
OL449846.1
XM_043575083.1
KC583356.1
JQ014591.1
AP024172.1
KF927525.1
BC166643.1
NR_077052.1
GU504857.1
HM110498.1
OK513090.1
HM110365.1
OL654391.1
KJ848591.1
CP064781.1
KF116052.1
CP086292.1
AC183837.3
KF101937.1
MT749920.1
CP083492.1
OL764388.1
GQ202673.1
DQ150554.1
KF104889.1
KF101942.1
CP007439.1
CP035951.1
KF465047.1
OL654377.1
AP025225.1
CP086726.1
AC105416.3
EF078458.1
AB721283.1
HE575180.1
DQ150552.1
AC245052.3
HQ883303.1
XM_045477391.1
FR875996.1
AL109984.14
XM_044947549.2
OL654389.1
XM_045477392.1
NR_076776.1
KF836237.1
GQ329206.1
JN245734.1
XM_017242862.2
KF464344.1
OL677198.1
XM_015453244.2
XM_040979609.1
KC357943.1
KF108054.1
KJ905641.1
XM_004710796.2
KF110342.1
AP024576.1
DQ150553.1
OL757834.1
KJ569765.1
OL693038.1
AK094990.1
HF947426.1
JQ337072.1
GU568704.1
AB636066.1
KC713271.1
KC989546.1
AP024572.1
JF021381.1
OL677186.1
XM_007999653.2
XR_006612419.1
AC026202.7
KJ893128.1
XM_006717969.1
GU925791.1
OL376449.1
KJ662606.1
MW433483.1
KJ902853.1
DQ150558.1
XM_045400086.1
AC019163.8
KF338627.1
HQ092891.1
JN807318.2
XR_006612425.1
MW433459.1
XM_023258737.2
OL829905.1
GU925830.1
AB836928.1
NR_170167.1
KF095388.1
K01562.2
HG521634.1
AL596109.6
CP065725.1
CP083654.1
KF098278.1
BX914205.18
XM_045393651.1
XM_045369411.1
CP001154.1
CP002657.1
CP084524.1
KJ848565.1
OL636253.1
JX561124.1
OL649800.1
MT784085.1
KJ891405.1
KC607251.1
CP087880.1
AC027691.13
KF827170.1
KF182795.1
AC241294.1
KF338945.1
JN424665.1
KJ664070.1
BC052984.1
NR_076311.1
CP036498.1
CP078017.1
KJ175229.1
NM_001385622.1
XR_006614503.1
AY484721.1
CP070977.1
XM_017543439.2
KF721534.1
XM_015451321.2
GU639661.1
KJ848573.1
CR792416.16
NR_076409.1
KF788206.1
KJ900572.1
OL825014.1
EF078457.1
MZ305470.1
NR_111926.1
AY364238.1
AC092417.2
AK092329.1
XM_041652608.1
KJ900813.1
KF339386.1
MT796545.1
AK094042.1
AC145864.2
NR_170165.1
AK298427.1
OL614698.1
KF098496.1
AB701499.1
CP069162.1
KF188988.1
OL823122.1
JF341319.1
LR974578.1
JX559252.1
XM_039082789.1
MT735327.1
JN119239.1
JN807320.2
CP072597.1
HQ726867.1
KJ905675.1
CP089238.1
XM_045007252.1
KJ600853.1
HE979803.1
AB854224.1
OL818273.1
AC254815.1
XM_045477395.1
HE979801.1
KJ578002.1
CP088010.1
HE956757.1
JQ999811.1
HQ094737.1
AC254826.1
XM_045365095.1
AL138743.6
OL677193.1
AK022601.1
CP084229.1
NG_012201.2
AK125346.1
XM_045396141.1
AC018821.4
XM_010957134.2
CP084235.1
AC021059.25
KF788204.1
M95655.1
KC496377.1
OL830775.1
OL798022.1
XM_040979611.1
XM_008053267.1
KC496378.1
CP084521.1
JF446395.1
MT796546.1
HQ809988.1
CP087584.1
X60210.1
XM_017973117.2
OL829907.1
OL654382.1
KF927514.1
XM_045007253.1
AB700883.1
HQ099695.1
CP072611.1
CP084430.1
AB528551.1
OL636805.1
OL672363.1
CT005237.2
KJ396178.1
AB854255.1
CR627410.1
XM_045376722.1
XM_017527728.2
KF098371.1
KF726917.1
AC026203.3
KJ664562.1
JQ450243.1
AB753035.1
CP002449.1
XM_017543440.2
NR_076831.1
MW055708.1
OL714389.1
XR_006699296.1
JX757619.1
KJ906183.1
BX537716.1
HE820907.1
CP089236.1
NG_033059.2
XM_042997312.1
OL504514.1
NM_001258423.2
OL713753.1
KC583355.1
CP007794.1
HM074356.1
BC037327.1
OL829906.1
KJ662026.1
KF248746.1
HG916765.1
HQ514741.1
AL592310.6
CP078159.1
AB643790.1
OL830711.1
KF108560.1
HQ494754.1
NG_009228.1
XM_045396278.1
XM_043575084.1
AB753034.1
AK315580.1
NM_001397211.1
KF109798.1
OL798018.1
JN245758.1
HE820904.1
CP067396.1
KJ905787.1
NR_122016.1
CP085642.1
KF097662.1
KF827172.1
KC666848.1
KF721538.1
HQ755715.1
KF956505.1
OL825002.1
JF298906.1
LR979777.1
BC041804.1
NM_001349179.2
NM_205094.2
GU925292.1
KJ892125.1
XM_005570621.2
AB821309.1
KF094196.1
CP083650.1
D86967.1
EF212384.1
XM_017543441.2
HQ485384.1
AP023480.1
OL614688.1
NR_029201.1
OV277452.1
GU761374.1
MW404439.1
NR_170170.1
KF845762.1
XM_006899309.1
KF248600.1
HG994398.1
NR_104169.3
JQ110392.1
AP024269.1
KJ424417.1
NG_007309.3
MW298479.1
OL762362.1
AP025152.1
NR_103134.1
OL742681.1
KF827418.1
OL362083.1
AJ404578.1
JX731420.1
NG_012497.2
KF248681.1
CP084696.2
AC195666.6
KF008701.1
CP048008.1
XR_006612423.1
OL636277.1
KF109672.1
HQ319395.1
HM063091.1
GQ329364.1
GU925588.1
CP086259.1
CP088090.1
EF078435.1
NM_001198691.2
KF845748.1
MZ305468.1
KF101899.1
HF947430.1
MZ305469.1
NG_012771.2
DQ150556.1
MZ313554.1
AC182640.3
KF830461.1
OV277454.1
OL826857.1
CP081149.1
CU689235.1
CP049362.1
KF108225.1
AC105141.7
AC073349.11
XM_004760523.3
KF101902.1
KF912979.1
XM_023258738.2
CP006986.1
GU763339.1
KJ457335.1
CP076623.1
OL798007.1
AK125318.1
AK091217.1
LC661725.1
OL829909.1
AJ420481.1
HG973444.1
CP069163.1
EF212392.1
KJ848557.1
XM_045396143.1
KJ424857.1
KJ590415.1
KC666574.1
CP068258.2
NR_076604.1
AC105206.8
AC144536.4
AC146264.3
KJ590407.1
CP086295.1
KF759858.1
FR997781.1
XM_036843680.1
GU923866.1
KF339315.1
XM_045390707.1
KJ613167.1
NR_076656.1
AC204733.3
CP075355.1
CP088400.1
KF248714.1
KC666107.1
AC110079.3
HF583447.1
GU916488.1
NR_170164.1
XM_005575992.3
HQ324682.1
EU030490.1
HE979805.1
XM_017973115.2
JN119235.1
XM_019812186.3
KJ664618.1
CP086564.1
JN807319.2
XM_045396142.1
XM_045383347.1
JX570601.1
AP006191.1
JN255690.1
AB854250.1
HQ480294.1
AP025270.1
AC008536.7
OL798017.1
MZ544389.2
AB930318.1
AE000521.1
KF569746.1
XM_045070339.1
KC583357.1
CP058667.1
GU925727.1
FJ543040.1
OL830718.1
KF845767.1
EF212379.1
OL654390.1
XM_045518222.1
OK513088.1
JN807317.2
HF947422.1
NG_022812.1
L20804.1
AL031774.1
KF269751.1
AB669424.1
OL829908.1
CP081150.1
AB700847.1
KJ707267.1
CP067395.1
GU768802.1
KJ898937.1
AB736233.1
HG964618.1
HQ319428.1
KC358170.1
CP063238.1
JX671372.1
CP086592.1
OL773521.1
LR962876.1
MW433480.1
XM_005575994.3
AY279532.1
KJ662658.1
NG_027722.2
CP051237.1
AF183460.1
KF104644.1
NR_121929.1
CP089302.1
JN245878.1
LR962751.1
KF092711.1
KC583361.1
CT956002.7
AC024191.7
KF340229.1
CP007793.1
JQ133798.1
NR_076413.1
MT982725.1
JQ316616.1
KF248706.1
HM108604.1
CP068737.1
KF109149.1
NG_034137.1
GU916086.1
AC237295.2
AB674975.1
HM558962.1
HE600675.1
JX219391.1
AK025019.1
AB168975.1
JQ999804.1
HG994397.1
AB701503.1
XM_045393650.1
KC583358.1
OL824800.1
output the blast n dict file
output the pieChart/Cas711_SE_GRCh38.EEF1A1_22nt_Cas711_IP_r1.umi.r1.fq.genome-mapped.bam_n.csv n.csv file
output the filtered pieChart/Cas711_SE_GRCh38.EEF1A1_22nt_Cas711_IP_r1.umi.r1.fq.genome-mapped.bam_filtered_n.csv n.csv file
output the blast x dict file
output the pieChart/Cas711_SE_GRCh38.EEF1A1_22nt_Cas711_IP_r1.umi.r1.fq.genome-mapped.bam x.csv file
output the filtered pieChart/Cas711_SE_GRCh38.EEF1A1_22nt_Cas711_IP_r1.umi.r1.fq.genome-mapped.bam x.csv file
Finished drawing blast n
All Done!!!
Nodes:        tscc-1-5
