Config file config.yaml is extended by additional config specified via the command line.
Building DAG of jobs...
Falling back to greedy scheduler because no default solver is found for pulp (you have to install either coincbc or glpk).
Using shell: /bin/bash
Provided cores: 1 (use --cores to define parallelism)
Rules claiming more threads will be scaled down.
Provided resources: mem_mb=1000, disk_mb=1000
Select jobs to execute...

[Tue Dec  5 17:39:14 2023]
rule unmapped_fasta:
    input: unmapped_counts/Cas711_SE_GRCh38.EEF1A1_22nt_Cas711_IP_r1.umi.r1.fq.genome-mapped.bam_unmapped_downsampled.bam
    output: unmapped_counts/Cas711_SE_GRCh38.EEF1A1_22nt_Cas711_IP_r1.umi.r1.fq.genome-mapped.bam_unmapped_downsampled.fasta
    jobid: 0
    reason: Forced execution
    wildcards: SAMPLES=Cas711_SE_GRCh38.EEF1A1_22nt_Cas711_IP_r1.umi.r1.fq.genome-mapped.bam
    resources: mem_mb=1000, disk_mb=1000, tmpdir=/scratch/s5xu/33984787.tscc-mgr7.local

samtools fasta unmapped_counts/Cas711_SE_GRCh38.EEF1A1_22nt_Cas711_IP_r1.umi.r1.fq.genome-mapped.bam_unmapped_downsampled.bam > unmapped_counts/Cas711_SE_GRCh38.EEF1A1_22nt_Cas711_IP_r1.umi.r1.fq.genome-mapped.bam_unmapped_downsampled.fasta
Activating singularity image /oasis/tscc/scratch/s5xu/eclip_test/eclip-qc/.snakemake/singularity/d47abef6feeaa361ea916a2386f33061.simg
[M::bam2fq_mainloop] discarded 0 singletons
[M::bam2fq_mainloop] processed 990 reads
[Tue Dec  5 17:39:24 2023]
Finished job 0.
1 of 1 steps (100%) done
