Config file config.yaml is extended by additional config specified via the command line.
Building DAG of jobs...
Falling back to greedy scheduler because no default solver is found for pulp (you have to install either coincbc or glpk).
Using shell: /bin/bash
Provided cores: 4
Rules claiming more threads will be scaled down.
Provided resources: mem_mb=1000, disk_mb=1000
Select jobs to execute...

[Tue Dec  5 18:24:13 2023]
rule unmapped_pie:
    input: unmapped_counts/Cas711_SE_GRCh38.Apo_Cas711_input_r1.umi.r1.fq.genome-mapped.bam_unmappedblast_downsampled_blastn.tsv, unmapped_counts/Cas711_SE_GRCh38.Apo_Cas711_input_r1.umi.r1.fq.genome-mapped.bam_unmappedblast_downsampled_blastx.tsv, unmapped_counts/Cas711_SE_GRCh38.Apo_Cas711_input_r1.umi.r1.fq.genome-mapped.bam_unmappedblast_downsampled_blast_synthetic.tsv
    output: pieChart/Cas711_SE_GRCh38.Apo_Cas711_input_r1.umi.r1.fq.genome-mapped.bam.png
    jobid: 0
    reason: Forced execution
    wildcards: SAMPLES=Cas711_SE_GRCh38.Apo_Cas711_input_r1.umi.r1.fq.genome-mapped.bam
    threads: 4
    resources: mem_mb=1000, disk_mb=1000, tmpdir=/scratch/s5xu/33985602.tscc-mgr7.local

python3 scripts/blastresults_piechart.py unmapped_counts/Cas711_SE_GRCh38.Apo_Cas711_input_r1.umi.r1.fq.genome-mapped.bam_unmappedblast_downsampled_blastn.tsv unmapped_counts/Cas711_SE_GRCh38.Apo_Cas711_input_r1.umi.r1.fq.genome-mapped.bam_unmappedblast_downsampled_blastx.tsv pieChart/Cas711_SE_GRCh38.Apo_Cas711_input_r1.umi.r1.fq.genome-mapped.bam.png
Activating singularity image /oasis/tscc/scratch/s5xu/eclip_test/eclip-qc/.snakemake/singularity/9bc282f10f2bd7caa1d5c6438d79228f.simg
Matplotlib created a temporary cache directory at /scratch/s5xu/33985602.tscc-mgr7.local/matplotlib-qe72spxq because the default path (/home/jovyan/.cache/matplotlib) is not a writable directory; it is highly recommended to set the MPLCONFIGDIR environment variable to a writable directory, in particular to speed up the import of Matplotlib and to better support multiprocessing.
[Tue Dec  5 18:55:02 2023]
Finished job 0.
1 of 1 steps (100%) done
